c:\users\lesoorub\source\repos\minecraftrpgserver\nbt\x64\debug\obj\nbt.pch
c:\users\lesoorub\source\repos\minecraftrpgserver\nbt\x64\debug\obj\vc143.pdb
c:\users\lesoorub\source\repos\minecraftrpgserver\nbt\x64\debug\obj\vc143.idb
c:\users\lesoorub\source\repos\minecraftrpgserver\nbt\x64\debug\obj\pch.obj
c:\users\lesoorub\source\repos\minecraftrpgserver\nbt\x64\debug\obj\test.obj
c:\users\lesoorub\source\repos\minecraftrpgserver\nbt\x64\debug\obj\dllmain.obj
c:\users\lesoorub\source\repos\minecraftrpgserver\nbt\x64\debug\nbt.dll
c:\users\lesoorub\source\repos\minecraftrpgserver\nbt\x64\debug\obj\nbt.ilk
c:\users\lesoorub\source\repos\minecraftrpgserver\nbt\x64\debug\nbt.pdb
c:\users\lesoorub\source\repos\minecraftrpgserver\nbt\x64\debug\nbt.map
c:\users\lesoorub\source\repos\minecraftrpgserver\nbt\x64\debug\nbt.lib
c:\users\lesoorub\source\repos\minecraftrpgserver\nbt\x64\debug\nbt.exp
c:\users\lesoorub\source\repos\minecraftrpgserver\\nbt\x64\debug\nbt.pdb
c:\users\lesoorub\source\repos\minecraftrpgserver\nbt\x64\debug\obj\nbt.tlog\cl.command.1.tlog
c:\users\lesoorub\source\repos\minecraftrpgserver\nbt\x64\debug\obj\nbt.tlog\cl.read.1.tlog
c:\users\lesoorub\source\repos\minecraftrpgserver\nbt\x64\debug\obj\nbt.tlog\cl.write.1.tlog
c:\users\lesoorub\source\repos\minecraftrpgserver\nbt\x64\debug\obj\nbt.tlog\link.21012.delete.1.tlog
c:\users\lesoorub\source\repos\minecraftrpgserver\nbt\x64\debug\obj\nbt.tlog\link.25832.delete.1.tlog
c:\users\lesoorub\source\repos\minecraftrpgserver\nbt\x64\debug\obj\nbt.tlog\link.command.1.tlog
c:\users\lesoorub\source\repos\minecraftrpgserver\nbt\x64\debug\obj\nbt.tlog\link.read.1.tlog
c:\users\lesoorub\source\repos\minecraftrpgserver\nbt\x64\debug\obj\nbt.tlog\link.write.1.tlog
c:\users\lesoorub\source\repos\minecraftrpgserver\nbt\x64\debug\obj\nbt.tlog\nbt.write.1u.tlog
